<?xml version="1.0" encoding="UTF-8"?>
<!-- Generated by org.testng.reporters.JUnitXMLReporter -->
<testsuite ignored="0" hostname="LAPTOP-QBNMF542" failures="0" tests="19" name="Users and Products" time="183.577" errors="0" timestamp="2022-12-28T14:22:10 IST">
  <testcase classname="com.assignmenttestng.Assignment3" name="launchBrowser" time="2.68"/>
  <testcase classname="com.assignmenttestng.Assignment3" name="navigate" time="2.797"/>
  <testcase classname="com.assignmenttestng.Assignment3" name="login" time="4.377"/>
  <testcase classname="com.assignmenttestng.Assignment3" name="createUser1" time="7.496"/>
  <testcase classname="com.assignmenttestng.Assignment3" name="createUser2" time="4.868"/>
  <testcase classname="com.assignmenttestng.Assignment3" name="createUser3" time="6.629"/>
  <testcase classname="com.assignmenttestng.Assignment3" name="logout55" time="1.24"/>
  <testcase classname="com.assignmenttestng.Assignment3" name="loginAsUser1" time="7.689"/>
  <testcase classname="com.assignmenttestng.Assignment3" name="loginAsUser2" time="7.539"/>
  <testcase classname="com.assignmenttestng.Assignment3" name="loginAsUser3" time="7.66"/>
  <testcase classname="com.assignmenttestng.Assignment3" name="loginAsUsersToModifyPassword" time="33.832"/>
  <testcase classname="com.assignmenttestng.Assignment3" name="logout1" time="2.202"/>
  <testcase classname="com.assignmenttestng.Assignment3" name="loginAsUsersAfterModifyingPassword" time="13.422"/>
  <testcase classname="com.assignmenttestng.Assignment3" name="loginagain" time="2.298"/>
  <testcase classname="com.assignmenttestng.Assignment3" name="modifyPasswordofUsersAfterAdminLogin" time="43.412"/>
  <testcase classname="com.assignmenttestng.Assignment3" name="login3" time="6.306"/>
  <testcase classname="com.assignmenttestng.Assignment3" name="deleteUsers" time="23.067"/>
  <testcase classname="com.assignmenttestng.Assignment3" name="logout" time="5.092"/>
  <testcase classname="com.assignmenttestng.Assignment3" name="close" time="0.847"/>
</testsuite> <!-- Users and Products -->
