<?xml version="1.0" encoding="UTF-8"?>
<!-- Generated by org.testng.reporters.JUnitXMLReporter -->
<testsuite ignored="0" hostname="LAPTOP-QBNMF542" failures="0" tests="86" name="test cases" time="534.998" errors="0" timestamp="2022-12-28T15:24:49 IST">
  <testcase classname="com.assignmenttestng.Assignment1" name="automation" time="8.891"/>
  <testcase classname="com.assignmenttestng.Assignment1" name="navigate" time="1.518"/>
  <testcase classname="com.assignmenttestng.Assignment1" name="login" time="4.959"/>
  <testcase classname="com.assignmenttestng.Assignment1" name="minimize" time="2.297"/>
  <testcase classname="com.assignmenttestng.Assignment1" name="createuser" time="5.338"/>
  <testcase classname="com.assignmenttestng.Assignment1" name="delete" time="6.459"/>
  <testcase classname="com.assignmenttestng.Assignment1" name="logout" time="1.321"/>
  <testcase classname="com.assignmenttestng.Assignment1" name="close" time="3.959"/>
  <testcase classname="com.assignmenttestng.Assignment2" name="launchbrowser" time="1.289"/>
  <testcase classname="com.assignmenttestng.Assignment2" name="navigate" time="0.796"/>
  <testcase classname="com.assignmenttestng.Assignment2" name="login" time="3.43"/>
  <testcase classname="com.assignmenttestng.Assignment2" name="createUser" time="9.571"/>
  <testcase classname="com.assignmenttestng.Assignment2" name="modifyUser" time="6.731"/>
  <testcase classname="com.assignmenttestng.Assignment2" name="deleteUser" time="5.237"/>
  <testcase classname="com.assignmenttestng.Assignment2" name="logout" time="2.248"/>
  <testcase classname="com.assignmenttestng.Assignment2" name="close" time="3.334"/>
  <testcase classname="com.assignmenttestng.Assignment3" name="launchBrowser" time="1.053"/>
  <testcase classname="com.assignmenttestng.Assignment3" name="navigate" time="2.804"/>
  <testcase classname="com.assignmenttestng.Assignment3" name="login" time="4.355"/>
  <testcase classname="com.assignmenttestng.Assignment3" name="createUser1" time="7.417"/>
  <testcase classname="com.assignmenttestng.Assignment3" name="createUser2" time="4.857"/>
  <testcase classname="com.assignmenttestng.Assignment3" name="createUser3" time="6.666"/>
  <testcase classname="com.assignmenttestng.Assignment3" name="logout55" time="1.206"/>
  <testcase classname="com.assignmenttestng.Assignment3" name="loginAsUser1" time="7.532"/>
  <testcase classname="com.assignmenttestng.Assignment3" name="loginAsUser2" time="7.569"/>
  <testcase classname="com.assignmenttestng.Assignment3" name="loginAsUser3" time="7.486"/>
  <testcase classname="com.assignmenttestng.Assignment3" name="loginAsUsersToModifyPassword" time="33.703"/>
  <testcase classname="com.assignmenttestng.Assignment3" name="logout1" time="2.248"/>
  <testcase classname="com.assignmenttestng.Assignment3" name="loginAsUsersAfterModifyingPassword" time="13.381"/>
  <testcase classname="com.assignmenttestng.Assignment3" name="loginagain" time="2.28"/>
  <testcase classname="com.assignmenttestng.Assignment3" name="modifyPasswordofUsersAfterAdminLogin" time="43.456"/>
  <testcase classname="com.assignmenttestng.Assignment3" name="login3" time="6.369"/>
  <testcase classname="com.assignmenttestng.Assignment3" name="deleteUsers" time="23.102"/>
  <testcase classname="com.assignmenttestng.Assignment3" name="logout" time="4.244"/>
  <testcase classname="com.assignmenttestng.Assignment3" name="close" time="3.446"/>
  <testcase classname="com.assignmenttestng.Assignment4" name="launchbrowser" time="0.985"/>
  <testcase classname="com.assignmenttestng.Assignment4" name="navigate" time="0.784"/>
  <testcase classname="com.assignmenttestng.Assignment4" name="login" time="3.372"/>
  <testcase classname="com.assignmenttestng.Assignment4" name="createCustomer" time="6.943"/>
  <testcase classname="com.assignmenttestng.Assignment4" name="deleteCustomer" time="8.368"/>
  <testcase classname="com.assignmenttestng.Assignment4" name="logout" time="2.224"/>
  <testcase classname="com.assignmenttestng.Assignment4" name="close" time="3.332"/>
  <testcase classname="com.assignmenttestng.Assignment5" name="launchbrowser" time="1.014"/>
  <testcase classname="com.assignmenttestng.Assignment5" name="navigate" time="0.808"/>
  <testcase classname="com.assignmenttestng.Assignment5" name="login" time="3.394"/>
  <testcase classname="com.assignmenttestng.Assignment5" name="createCustomer" time="6.913"/>
  <testcase classname="com.assignmenttestng.Assignment5" name="modifyCustomer" time="35.867"/>
  <testcase classname="com.assignmenttestng.Assignment5" name="logout" time="2.292"/>
  <testcase classname="com.assignmenttestng.Assignment5" name="close" time="3.33"/>
  <testcase classname="com.assignmenttestng.Assignment6" name="launchbrowser" time="0.98"/>
  <testcase classname="com.assignmenttestng.Assignment6" name="navigate" time="0.833"/>
  <testcase classname="com.assignmenttestng.Assignment6" name="login" time="3.368"/>
  <testcase classname="com.assignmenttestng.Assignment6" name="createCustomer" time="6.933"/>
  <testcase classname="com.assignmenttestng.Assignment6" name="createProject" time="9.511"/>
  <testcase classname="com.assignmenttestng.Assignment6" name="deleteProject" time="8.428"/>
  <testcase classname="com.assignmenttestng.Assignment6" name="deleteCustomer" time="8.372"/>
  <testcase classname="com.assignmenttestng.Assignment6" name="logout" time="2.275"/>
  <testcase classname="com.assignmenttestng.Assignment6" name="close" time="3.389"/>
  <testcase classname="com.assignmenttestng.Assignment7" name="launchbrowser" time="1.361"/>
  <testcase classname="com.assignmenttestng.Assignment7" name="navigate" time="0.745"/>
  <testcase classname="com.assignmenttestng.Assignment7" name="login" time="3.423"/>
  <testcase classname="com.assignmenttestng.Assignment7" name="createCustomer" time="6.936"/>
  <testcase classname="com.assignmenttestng.Assignment7" name="createProject" time="12.214"/>
  <testcase classname="com.assignmenttestng.Assignment7" name="modifyProject" time="8.54"/>
  <testcase classname="com.assignmenttestng.Assignment7" name="deleteProject" time="8.422"/>
  <testcase classname="com.assignmenttestng.Assignment7" name="deleteCustomer" time="8.433"/>
  <testcase classname="com.assignmenttestng.Assignment7" name="logout" time="2.299"/>
  <testcase classname="com.assignmenttestng.Assignment7" name="close" time="3.27"/>
  <testcase classname="com.assignmenttestng.Assignment8" name="launchbrowser" time="1.047"/>
  <testcase classname="com.assignmenttestng.Assignment8" name="navigate" time="0.785"/>
  <testcase classname="com.assignmenttestng.Assignment8" name="login" time="3.395"/>
  <testcase classname="com.assignmenttestng.Assignment8" name="createCustomer" time="8.879"/>
  <testcase classname="com.assignmenttestng.Assignment8" name="createProject" time="11.52"/>
  <testcase classname="com.assignmenttestng.Assignment8" name="createTasks" time="8.9"/>
  <testcase classname="com.assignmenttestng.Assignment8" name="deleteTasks" time="14.574"/>
  <testcase classname="com.assignmenttestng.Assignment8" name="deleteProject" time="8.472"/>
  <testcase classname="com.assignmenttestng.Assignment8" name="deleteCustomer" time="6.43"/>
  <testcase classname="com.assignmenttestng.Assignment8" name="logout" time="2.268"/>
  <testcase classname="com.assignmenttestng.Assignment8" name="close" time="3.261"/>
  <testcase classname="com.assignmenttestng.Assignment9" name="launchbrowser" time="1.123"/>
  <testcase classname="com.assignmenttestng.Assignment9" name="navigate" time="0.782"/>
  <testcase classname="com.assignmenttestng.Assignment9" name="login" time="3.398"/>
  <testcase classname="com.assignmenttestng.Assignment9" name="importTasks" time="18.121"/>
  <testcase classname="com.assignmenttestng.Assignment9" name="deleteTask" time="6.319"/>
  <testcase classname="com.assignmenttestng.Assignment9" name="logout" time="2.255"/>
  <testcase classname="com.assignmenttestng.Assignment9" name="close" time="3.27"/>
</testsuite> <!-- test cases -->
