<?xml version="1.0" encoding="UTF-8"?>
<testng-results ignored="0" total="86" passed="86" failed="0" skipped="0">
  <reporter-output>
  </reporter-output>
  <suite started-at="2022-12-28T15:15:54 IST" name="Automation" finished-at="2022-12-28T15:24:49 IST" duration-ms="534998">
    <groups>
    </groups>
    <test started-at="2022-12-28T15:15:54 IST" name="test cases" finished-at="2022-12-28T15:24:49 IST" duration-ms="534998">
      <class name="com.assignmenttestng.Assignment4">
        <test-method signature="launchbrowser()[pri:1, instance:com.assignmenttestng.Assignment4@56cdfb3b]" started-at="2022-12-28T15:20:04 IST" name="launchbrowser" finished-at="2022-12-28T15:20:05 IST" duration-ms="985" status="PASS">
          <reporter-output>
          </reporter-output>
        </test-method> <!-- launchbrowser -->
        <test-method signature="navigate()[pri:2, instance:com.assignmenttestng.Assignment4@56cdfb3b]" started-at="2022-12-28T15:20:05 IST" name="navigate" finished-at="2022-12-28T15:20:06 IST" duration-ms="784" status="PASS">
          <reporter-output>
          </reporter-output>
        </test-method> <!-- navigate -->
        <test-method signature="login()[pri:3, instance:com.assignmenttestng.Assignment4@56cdfb3b]" started-at="2022-12-28T15:20:06 IST" name="login" finished-at="2022-12-28T15:20:09 IST" duration-ms="3372" status="PASS">
          <reporter-output>
          </reporter-output>
        </test-method> <!-- login -->
        <test-method signature="createCustomer()[pri:4, instance:com.assignmenttestng.Assignment4@56cdfb3b]" started-at="2022-12-28T15:20:09 IST" name="createCustomer" finished-at="2022-12-28T15:20:16 IST" duration-ms="6943" status="PASS">
          <reporter-output>
          </reporter-output>
        </test-method> <!-- createCustomer -->
        <test-method signature="deleteCustomer()[pri:5, instance:com.assignmenttestng.Assignment4@56cdfb3b]" started-at="2022-12-28T15:20:16 IST" name="deleteCustomer" finished-at="2022-12-28T15:20:25 IST" duration-ms="8368" status="PASS">
          <reporter-output>
          </reporter-output>
        </test-method> <!-- deleteCustomer -->
        <test-method signature="logout()[pri:6, instance:com.assignmenttestng.Assignment4@56cdfb3b]" started-at="2022-12-28T15:20:25 IST" name="logout" finished-at="2022-12-28T15:20:27 IST" duration-ms="2224" status="PASS">
          <reporter-output>
          </reporter-output>
        </test-method> <!-- logout -->
        <test-method signature="close()[pri:7, instance:com.assignmenttestng.Assignment4@56cdfb3b]" started-at="2022-12-28T15:20:27 IST" name="close" finished-at="2022-12-28T15:20:30 IST" duration-ms="3332" status="PASS">
          <reporter-output>
          </reporter-output>
        </test-method> <!-- close -->
      </class> <!-- com.assignmenttestng.Assignment4 -->
      <class name="com.assignmenttestng.Assignment5">
        <test-method signature="launchbrowser()[pri:1, instance:com.assignmenttestng.Assignment5@2b91004a]" started-at="2022-12-28T15:20:30 IST" name="launchbrowser" finished-at="2022-12-28T15:20:31 IST" duration-ms="1014" status="PASS">
          <reporter-output>
          </reporter-output>
        </test-method> <!-- launchbrowser -->
        <test-method signature="navigate()[pri:2, instance:com.assignmenttestng.Assignment5@2b91004a]" started-at="2022-12-28T15:20:31 IST" name="navigate" finished-at="2022-12-28T15:20:32 IST" duration-ms="808" status="PASS">
          <reporter-output>
          </reporter-output>
        </test-method> <!-- navigate -->
        <test-method signature="login()[pri:3, instance:com.assignmenttestng.Assignment5@2b91004a]" started-at="2022-12-28T15:20:32 IST" name="login" finished-at="2022-12-28T15:20:36 IST" duration-ms="3394" status="PASS">
          <reporter-output>
          </reporter-output>
        </test-method> <!-- login -->
        <test-method signature="createCustomer()[pri:4, instance:com.assignmenttestng.Assignment5@2b91004a]" started-at="2022-12-28T15:20:36 IST" name="createCustomer" finished-at="2022-12-28T15:20:43 IST" duration-ms="6913" status="PASS">
          <reporter-output>
          </reporter-output>
        </test-method> <!-- createCustomer -->
        <test-method signature="modifyCustomer()[pri:5, instance:com.assignmenttestng.Assignment5@2b91004a]" started-at="2022-12-28T15:20:43 IST" name="modifyCustomer" finished-at="2022-12-28T15:21:18 IST" duration-ms="35867" status="PASS">
          <reporter-output>
          </reporter-output>
        </test-method> <!-- modifyCustomer -->
        <test-method signature="logout()[pri:6, instance:com.assignmenttestng.Assignment5@2b91004a]" started-at="2022-12-28T15:21:18 IST" name="logout" finished-at="2022-12-28T15:21:21 IST" duration-ms="2292" status="PASS">
          <reporter-output>
          </reporter-output>
        </test-method> <!-- logout -->
        <test-method signature="close()[pri:7, instance:com.assignmenttestng.Assignment5@2b91004a]" started-at="2022-12-28T15:21:21 IST" name="close" finished-at="2022-12-28T15:21:24 IST" duration-ms="3330" status="PASS">
          <reporter-output>
          </reporter-output>
        </test-method> <!-- close -->
      </class> <!-- com.assignmenttestng.Assignment5 -->
      <class name="com.assignmenttestng.Assignment2">
        <test-method signature="launchbrowser()[pri:1, instance:com.assignmenttestng.Assignment2@7fee8714]" started-at="2022-12-28T15:16:28 IST" name="launchbrowser" finished-at="2022-12-28T15:16:30 IST" duration-ms="1289" status="PASS">
          <reporter-output>
          </reporter-output>
        </test-method> <!-- launchbrowser -->
        <test-method signature="navigate()[pri:2, instance:com.assignmenttestng.Assignment2@7fee8714]" started-at="2022-12-28T15:16:30 IST" name="navigate" finished-at="2022-12-28T15:16:31 IST" duration-ms="796" status="PASS">
          <reporter-output>
          </reporter-output>
        </test-method> <!-- navigate -->
        <test-method signature="login()[pri:3, instance:com.assignmenttestng.Assignment2@7fee8714]" started-at="2022-12-28T15:16:31 IST" name="login" finished-at="2022-12-28T15:16:34 IST" duration-ms="3430" status="PASS">
          <reporter-output>
          </reporter-output>
        </test-method> <!-- login -->
        <test-method signature="createUser()[pri:4, instance:com.assignmenttestng.Assignment2@7fee8714]" started-at="2022-12-28T15:16:34 IST" name="createUser" finished-at="2022-12-28T15:16:44 IST" duration-ms="9571" status="PASS">
          <reporter-output>
          </reporter-output>
        </test-method> <!-- createUser -->
        <test-method signature="modifyUser()[pri:5, instance:com.assignmenttestng.Assignment2@7fee8714]" started-at="2022-12-28T15:16:44 IST" name="modifyUser" finished-at="2022-12-28T15:16:50 IST" duration-ms="6731" status="PASS">
          <reporter-output>
          </reporter-output>
        </test-method> <!-- modifyUser -->
        <test-method signature="deleteUser()[pri:6, instance:com.assignmenttestng.Assignment2@7fee8714]" started-at="2022-12-28T15:16:50 IST" name="deleteUser" finished-at="2022-12-28T15:16:56 IST" duration-ms="5237" status="PASS">
          <reporter-output>
          </reporter-output>
        </test-method> <!-- deleteUser -->
        <test-method signature="logout()[pri:7, instance:com.assignmenttestng.Assignment2@7fee8714]" started-at="2022-12-28T15:16:56 IST" name="logout" finished-at="2022-12-28T15:16:58 IST" duration-ms="2248" status="PASS">
          <reporter-output>
          </reporter-output>
        </test-method> <!-- logout -->
        <test-method signature="close()[pri:8, instance:com.assignmenttestng.Assignment2@7fee8714]" started-at="2022-12-28T15:16:58 IST" name="close" finished-at="2022-12-28T15:17:01 IST" duration-ms="3334" status="PASS">
          <reporter-output>
          </reporter-output>
        </test-method> <!-- close -->
      </class> <!-- com.assignmenttestng.Assignment2 -->
      <class name="com.assignmenttestng.Assignment3">
        <test-method signature="launchBrowser()[pri:1, instance:com.assignmenttestng.Assignment3@4229bb3f]" started-at="2022-12-28T15:17:01 IST" name="launchBrowser" finished-at="2022-12-28T15:17:02 IST" duration-ms="1053" status="PASS">
          <reporter-output>
          </reporter-output>
        </test-method> <!-- launchBrowser -->
        <test-method signature="navigate()[pri:2, instance:com.assignmenttestng.Assignment3@4229bb3f]" started-at="2022-12-28T15:17:02 IST" name="navigate" finished-at="2022-12-28T15:17:05 IST" duration-ms="2804" status="PASS">
          <reporter-output>
          </reporter-output>
        </test-method> <!-- navigate -->
        <test-method signature="login()[pri:3, instance:com.assignmenttestng.Assignment3@4229bb3f]" started-at="2022-12-28T15:17:05 IST" name="login" finished-at="2022-12-28T15:17:09 IST" duration-ms="4355" status="PASS">
          <reporter-output>
          </reporter-output>
        </test-method> <!-- login -->
        <test-method signature="createUser1()[pri:4, instance:com.assignmenttestng.Assignment3@4229bb3f]" started-at="2022-12-28T15:17:09 IST" name="createUser1" finished-at="2022-12-28T15:17:17 IST" duration-ms="7417" status="PASS">
          <reporter-output>
          </reporter-output>
        </test-method> <!-- createUser1 -->
        <test-method signature="createUser2()[pri:5, instance:com.assignmenttestng.Assignment3@4229bb3f]" started-at="2022-12-28T15:17:17 IST" name="createUser2" finished-at="2022-12-28T15:17:22 IST" duration-ms="4857" status="PASS">
          <reporter-output>
          </reporter-output>
        </test-method> <!-- createUser2 -->
        <test-method signature="createUser3()[pri:6, instance:com.assignmenttestng.Assignment3@4229bb3f]" started-at="2022-12-28T15:17:22 IST" name="createUser3" finished-at="2022-12-28T15:17:28 IST" duration-ms="6666" status="PASS">
          <reporter-output>
          </reporter-output>
        </test-method> <!-- createUser3 -->
        <test-method signature="logout55()[pri:7, instance:com.assignmenttestng.Assignment3@4229bb3f]" started-at="2022-12-28T15:17:28 IST" name="logout55" finished-at="2022-12-28T15:17:29 IST" duration-ms="1206" status="PASS">
          <reporter-output>
          </reporter-output>
        </test-method> <!-- logout55 -->
        <test-method signature="loginAsUser1()[pri:8, instance:com.assignmenttestng.Assignment3@4229bb3f]" started-at="2022-12-28T15:17:29 IST" name="loginAsUser1" finished-at="2022-12-28T15:17:37 IST" duration-ms="7532" status="PASS">
          <reporter-output>
          </reporter-output>
        </test-method> <!-- loginAsUser1 -->
        <test-method signature="loginAsUser2()[pri:9, instance:com.assignmenttestng.Assignment3@4229bb3f]" started-at="2022-12-28T15:17:37 IST" name="loginAsUser2" finished-at="2022-12-28T15:17:45 IST" duration-ms="7569" status="PASS">
          <reporter-output>
          </reporter-output>
        </test-method> <!-- loginAsUser2 -->
        <test-method signature="loginAsUser3()[pri:10, instance:com.assignmenttestng.Assignment3@4229bb3f]" started-at="2022-12-28T15:17:45 IST" name="loginAsUser3" finished-at="2022-12-28T15:17:52 IST" duration-ms="7486" status="PASS">
          <reporter-output>
          </reporter-output>
        </test-method> <!-- loginAsUser3 -->
        <test-method signature="loginAsUsersToModifyPassword()[pri:11, instance:com.assignmenttestng.Assignment3@4229bb3f]" started-at="2022-12-28T15:17:52 IST" name="loginAsUsersToModifyPassword" finished-at="2022-12-28T15:18:26 IST" duration-ms="33703" status="PASS">
          <reporter-output>
          </reporter-output>
        </test-method> <!-- loginAsUsersToModifyPassword -->
        <test-method signature="logout1()[pri:12, instance:com.assignmenttestng.Assignment3@4229bb3f]" started-at="2022-12-28T15:18:26 IST" name="logout1" finished-at="2022-12-28T15:18:28 IST" duration-ms="2248" status="PASS">
          <reporter-output>
          </reporter-output>
        </test-method> <!-- logout1 -->
        <test-method signature="loginAsUsersAfterModifyingPassword()[pri:13, instance:com.assignmenttestng.Assignment3@4229bb3f]" started-at="2022-12-28T15:18:28 IST" name="loginAsUsersAfterModifyingPassword" finished-at="2022-12-28T15:18:41 IST" duration-ms="13381" status="PASS">
          <reporter-output>
          </reporter-output>
        </test-method> <!-- loginAsUsersAfterModifyingPassword -->
        <test-method signature="loginagain()[pri:14, instance:com.assignmenttestng.Assignment3@4229bb3f]" started-at="2022-12-28T15:18:41 IST" name="loginagain" finished-at="2022-12-28T15:18:44 IST" duration-ms="2280" status="PASS">
          <reporter-output>
          </reporter-output>
        </test-method> <!-- loginagain -->
        <test-method signature="modifyPasswordofUsersAfterAdminLogin()[pri:15, instance:com.assignmenttestng.Assignment3@4229bb3f]" started-at="2022-12-28T15:18:44 IST" name="modifyPasswordofUsersAfterAdminLogin" finished-at="2022-12-28T15:19:27 IST" duration-ms="43456" status="PASS">
          <reporter-output>
          </reporter-output>
        </test-method> <!-- modifyPasswordofUsersAfterAdminLogin -->
        <test-method signature="login3()[pri:16, instance:com.assignmenttestng.Assignment3@4229bb3f]" started-at="2022-12-28T15:19:27 IST" name="login3" finished-at="2022-12-28T15:19:34 IST" duration-ms="6369" status="PASS">
          <reporter-output>
          </reporter-output>
        </test-method> <!-- login3 -->
        <test-method signature="deleteUsers()[pri:17, instance:com.assignmenttestng.Assignment3@4229bb3f]" started-at="2022-12-28T15:19:34 IST" name="deleteUsers" finished-at="2022-12-28T15:19:57 IST" duration-ms="23102" status="PASS">
          <reporter-output>
          </reporter-output>
        </test-method> <!-- deleteUsers -->
        <test-method signature="logout()[pri:18, instance:com.assignmenttestng.Assignment3@4229bb3f]" started-at="2022-12-28T15:19:57 IST" name="logout" finished-at="2022-12-28T15:20:01 IST" duration-ms="4244" status="PASS">
          <reporter-output>
          </reporter-output>
        </test-method> <!-- logout -->
        <test-method signature="close()[pri:19, instance:com.assignmenttestng.Assignment3@4229bb3f]" started-at="2022-12-28T15:20:01 IST" name="close" finished-at="2022-12-28T15:20:04 IST" duration-ms="3446" status="PASS">
          <reporter-output>
          </reporter-output>
        </test-method> <!-- close -->
      </class> <!-- com.assignmenttestng.Assignment3 -->
      <class name="com.assignmenttestng.Assignment1">
        <test-method signature="automation()[pri:1, instance:com.assignmenttestng.Assignment1@32b260fa]" started-at="2022-12-28T15:15:54 IST" name="automation" finished-at="2022-12-28T15:16:03 IST" duration-ms="8891" status="PASS">
          <reporter-output>
          </reporter-output>
        </test-method> <!-- automation -->
        <test-method signature="navigate()[pri:2, instance:com.assignmenttestng.Assignment1@32b260fa]" started-at="2022-12-28T15:16:03 IST" name="navigate" finished-at="2022-12-28T15:16:04 IST" duration-ms="1518" status="PASS">
          <reporter-output>
          </reporter-output>
        </test-method> <!-- navigate -->
        <test-method signature="login()[pri:3, instance:com.assignmenttestng.Assignment1@32b260fa]" started-at="2022-12-28T15:16:04 IST" name="login" finished-at="2022-12-28T15:16:09 IST" duration-ms="4959" status="PASS">
          <reporter-output>
          </reporter-output>
        </test-method> <!-- login -->
        <test-method signature="minimize()[pri:4, instance:com.assignmenttestng.Assignment1@32b260fa]" started-at="2022-12-28T15:16:09 IST" name="minimize" finished-at="2022-12-28T15:16:11 IST" duration-ms="2297" status="PASS">
          <reporter-output>
          </reporter-output>
        </test-method> <!-- minimize -->
        <test-method signature="createuser()[pri:5, instance:com.assignmenttestng.Assignment1@32b260fa]" started-at="2022-12-28T15:16:11 IST" name="createuser" finished-at="2022-12-28T15:16:17 IST" duration-ms="5338" status="PASS">
          <reporter-output>
          </reporter-output>
        </test-method> <!-- createuser -->
        <test-method signature="delete()[pri:6, instance:com.assignmenttestng.Assignment1@32b260fa]" started-at="2022-12-28T15:16:17 IST" name="delete" finished-at="2022-12-28T15:16:23 IST" duration-ms="6459" status="PASS">
          <reporter-output>
          </reporter-output>
        </test-method> <!-- delete -->
        <test-method signature="logout()[pri:7, instance:com.assignmenttestng.Assignment1@32b260fa]" started-at="2022-12-28T15:16:23 IST" name="logout" finished-at="2022-12-28T15:16:24 IST" duration-ms="1321" status="PASS">
          <reporter-output>
          </reporter-output>
        </test-method> <!-- logout -->
        <test-method signature="close()[pri:8, instance:com.assignmenttestng.Assignment1@32b260fa]" started-at="2022-12-28T15:16:24 IST" name="close" finished-at="2022-12-28T15:16:28 IST" duration-ms="3959" status="PASS">
          <reporter-output>
          </reporter-output>
        </test-method> <!-- close -->
      </class> <!-- com.assignmenttestng.Assignment1 -->
      <class name="com.assignmenttestng.Assignment8">
        <test-method signature="launchbrowser()[pri:1, instance:com.assignmenttestng.Assignment8@169e6180]" started-at="2022-12-28T15:23:04 IST" name="launchbrowser" finished-at="2022-12-28T15:23:05 IST" duration-ms="1047" status="PASS">
          <reporter-output>
          </reporter-output>
        </test-method> <!-- launchbrowser -->
        <test-method signature="navigate()[pri:2, instance:com.assignmenttestng.Assignment8@169e6180]" started-at="2022-12-28T15:23:05 IST" name="navigate" finished-at="2022-12-28T15:23:06 IST" duration-ms="785" status="PASS">
          <reporter-output>
          </reporter-output>
        </test-method> <!-- navigate -->
        <test-method signature="login()[pri:3, instance:com.assignmenttestng.Assignment8@169e6180]" started-at="2022-12-28T15:23:06 IST" name="login" finished-at="2022-12-28T15:23:09 IST" duration-ms="3395" status="PASS">
          <reporter-output>
          </reporter-output>
        </test-method> <!-- login -->
        <test-method signature="createCustomer()[pri:4, instance:com.assignmenttestng.Assignment8@169e6180]" started-at="2022-12-28T15:23:09 IST" name="createCustomer" finished-at="2022-12-28T15:23:18 IST" duration-ms="8879" status="PASS">
          <reporter-output>
          </reporter-output>
        </test-method> <!-- createCustomer -->
        <test-method signature="createProject()[pri:5, instance:com.assignmenttestng.Assignment8@169e6180]" started-at="2022-12-28T15:23:18 IST" name="createProject" finished-at="2022-12-28T15:23:29 IST" duration-ms="11520" status="PASS">
          <reporter-output>
          </reporter-output>
        </test-method> <!-- createProject -->
        <test-method signature="createTasks()[pri:6, instance:com.assignmenttestng.Assignment8@169e6180]" started-at="2022-12-28T15:23:29 IST" name="createTasks" finished-at="2022-12-28T15:23:38 IST" duration-ms="8900" status="PASS">
          <reporter-output>
          </reporter-output>
        </test-method> <!-- createTasks -->
        <test-method signature="deleteTasks()[pri:7, instance:com.assignmenttestng.Assignment8@169e6180]" started-at="2022-12-28T15:23:38 IST" name="deleteTasks" finished-at="2022-12-28T15:23:53 IST" duration-ms="14574" status="PASS">
          <reporter-output>
          </reporter-output>
        </test-method> <!-- deleteTasks -->
        <test-method signature="deleteProject()[pri:8, instance:com.assignmenttestng.Assignment8@169e6180]" started-at="2022-12-28T15:23:53 IST" name="deleteProject" finished-at="2022-12-28T15:24:01 IST" duration-ms="8472" status="PASS">
          <reporter-output>
          </reporter-output>
        </test-method> <!-- deleteProject -->
        <test-method signature="deleteCustomer()[pri:9, instance:com.assignmenttestng.Assignment8@169e6180]" started-at="2022-12-28T15:24:01 IST" name="deleteCustomer" finished-at="2022-12-28T15:24:08 IST" duration-ms="6430" status="PASS">
          <reporter-output>
          </reporter-output>
        </test-method> <!-- deleteCustomer -->
        <test-method signature="logout()[pri:10, instance:com.assignmenttestng.Assignment8@169e6180]" started-at="2022-12-28T15:24:08 IST" name="logout" finished-at="2022-12-28T15:24:10 IST" duration-ms="2268" status="PASS">
          <reporter-output>
          </reporter-output>
        </test-method> <!-- logout -->
        <test-method signature="close()[pri:11, instance:com.assignmenttestng.Assignment8@169e6180]" started-at="2022-12-28T15:24:10 IST" name="close" finished-at="2022-12-28T15:24:13 IST" duration-ms="3261" status="PASS">
          <reporter-output>
          </reporter-output>
        </test-method> <!-- close -->
      </class> <!-- com.assignmenttestng.Assignment8 -->
      <class name="com.assignmenttestng.Assignment9">
        <test-method signature="launchbrowser()[pri:1, instance:com.assignmenttestng.Assignment9@35aea049]" started-at="2022-12-28T15:24:13 IST" name="launchbrowser" finished-at="2022-12-28T15:24:14 IST" duration-ms="1123" status="PASS">
          <reporter-output>
          </reporter-output>
        </test-method> <!-- launchbrowser -->
        <test-method signature="navigate()[pri:2, instance:com.assignmenttestng.Assignment9@35aea049]" started-at="2022-12-28T15:24:14 IST" name="navigate" finished-at="2022-12-28T15:24:15 IST" duration-ms="782" status="PASS">
          <reporter-output>
          </reporter-output>
        </test-method> <!-- navigate -->
        <test-method signature="login()[pri:3, instance:com.assignmenttestng.Assignment9@35aea049]" started-at="2022-12-28T15:24:15 IST" name="login" finished-at="2022-12-28T15:24:19 IST" duration-ms="3398" status="PASS">
          <reporter-output>
          </reporter-output>
        </test-method> <!-- login -->
        <test-method signature="importTasks()[pri:4, instance:com.assignmenttestng.Assignment9@35aea049]" started-at="2022-12-28T15:24:19 IST" name="importTasks" finished-at="2022-12-28T15:24:37 IST" duration-ms="18121" status="PASS">
          <reporter-output>
          </reporter-output>
        </test-method> <!-- importTasks -->
        <test-method signature="deleteTask()[pri:5, instance:com.assignmenttestng.Assignment9@35aea049]" started-at="2022-12-28T15:24:37 IST" name="deleteTask" finished-at="2022-12-28T15:24:43 IST" duration-ms="6319" status="PASS">
          <reporter-output>
          </reporter-output>
        </test-method> <!-- deleteTask -->
        <test-method signature="logout()[pri:6, instance:com.assignmenttestng.Assignment9@35aea049]" started-at="2022-12-28T15:24:43 IST" name="logout" finished-at="2022-12-28T15:24:45 IST" duration-ms="2255" status="PASS">
          <reporter-output>
          </reporter-output>
        </test-method> <!-- logout -->
        <test-method signature="close()[pri:7, instance:com.assignmenttestng.Assignment9@35aea049]" started-at="2022-12-28T15:24:45 IST" name="close" finished-at="2022-12-28T15:24:49 IST" duration-ms="3270" status="PASS">
          <reporter-output>
          </reporter-output>
        </test-method> <!-- close -->
      </class> <!-- com.assignmenttestng.Assignment9 -->
      <class name="com.assignmenttestng.Assignment6">
        <test-method signature="launchbrowser()[pri:1, instance:com.assignmenttestng.Assignment6@20ccf40b]" started-at="2022-12-28T15:21:24 IST" name="launchbrowser" finished-at="2022-12-28T15:21:25 IST" duration-ms="980" status="PASS">
          <reporter-output>
          </reporter-output>
        </test-method> <!-- launchbrowser -->
        <test-method signature="navigate()[pri:2, instance:com.assignmenttestng.Assignment6@20ccf40b]" started-at="2022-12-28T15:21:25 IST" name="navigate" finished-at="2022-12-28T15:21:26 IST" duration-ms="833" status="PASS">
          <reporter-output>
          </reporter-output>
        </test-method> <!-- navigate -->
        <test-method signature="login()[pri:3, instance:com.assignmenttestng.Assignment6@20ccf40b]" started-at="2022-12-28T15:21:26 IST" name="login" finished-at="2022-12-28T15:21:29 IST" duration-ms="3368" status="PASS">
          <reporter-output>
          </reporter-output>
        </test-method> <!-- login -->
        <test-method signature="createCustomer()[pri:4, instance:com.assignmenttestng.Assignment6@20ccf40b]" started-at="2022-12-28T15:21:29 IST" name="createCustomer" finished-at="2022-12-28T15:21:36 IST" duration-ms="6933" status="PASS">
          <reporter-output>
          </reporter-output>
        </test-method> <!-- createCustomer -->
        <test-method signature="createProject()[pri:5, instance:com.assignmenttestng.Assignment6@20ccf40b]" started-at="2022-12-28T15:21:36 IST" name="createProject" finished-at="2022-12-28T15:21:46 IST" duration-ms="9511" status="PASS">
          <reporter-output>
          </reporter-output>
        </test-method> <!-- createProject -->
        <test-method signature="deleteProject()[pri:6, instance:com.assignmenttestng.Assignment6@20ccf40b]" started-at="2022-12-28T15:21:46 IST" name="deleteProject" finished-at="2022-12-28T15:21:54 IST" duration-ms="8428" status="PASS">
          <reporter-output>
          </reporter-output>
        </test-method> <!-- deleteProject -->
        <test-method signature="deleteCustomer()[pri:7, instance:com.assignmenttestng.Assignment6@20ccf40b]" started-at="2022-12-28T15:21:54 IST" name="deleteCustomer" finished-at="2022-12-28T15:22:02 IST" duration-ms="8372" status="PASS">
          <reporter-output>
          </reporter-output>
        </test-method> <!-- deleteCustomer -->
        <test-method signature="logout()[pri:8, instance:com.assignmenttestng.Assignment6@20ccf40b]" started-at="2022-12-28T15:22:02 IST" name="logout" finished-at="2022-12-28T15:22:05 IST" duration-ms="2275" status="PASS">
          <reporter-output>
          </reporter-output>
        </test-method> <!-- logout -->
        <test-method signature="close()[pri:9, instance:com.assignmenttestng.Assignment6@20ccf40b]" started-at="2022-12-28T15:22:05 IST" name="close" finished-at="2022-12-28T15:22:08 IST" duration-ms="3389" status="PASS">
          <reporter-output>
          </reporter-output>
        </test-method> <!-- close -->
      </class> <!-- com.assignmenttestng.Assignment6 -->
      <class name="com.assignmenttestng.Assignment7">
        <test-method signature="launchbrowser()[pri:1, instance:com.assignmenttestng.Assignment7@2fb3536e]" started-at="2022-12-28T15:22:08 IST" name="launchbrowser" finished-at="2022-12-28T15:22:09 IST" duration-ms="1361" status="PASS">
          <reporter-output>
          </reporter-output>
        </test-method> <!-- launchbrowser -->
        <test-method signature="navigate()[pri:2, instance:com.assignmenttestng.Assignment7@2fb3536e]" started-at="2022-12-28T15:22:09 IST" name="navigate" finished-at="2022-12-28T15:22:10 IST" duration-ms="745" status="PASS">
          <reporter-output>
          </reporter-output>
        </test-method> <!-- navigate -->
        <test-method signature="login()[pri:3, instance:com.assignmenttestng.Assignment7@2fb3536e]" started-at="2022-12-28T15:22:10 IST" name="login" finished-at="2022-12-28T15:22:14 IST" duration-ms="3423" status="PASS">
          <reporter-output>
          </reporter-output>
        </test-method> <!-- login -->
        <test-method signature="createCustomer()[pri:4, instance:com.assignmenttestng.Assignment7@2fb3536e]" started-at="2022-12-28T15:22:14 IST" name="createCustomer" finished-at="2022-12-28T15:22:21 IST" duration-ms="6936" status="PASS">
          <reporter-output>
          </reporter-output>
        </test-method> <!-- createCustomer -->
        <test-method signature="createProject()[pri:5, instance:com.assignmenttestng.Assignment7@2fb3536e]" started-at="2022-12-28T15:22:21 IST" name="createProject" finished-at="2022-12-28T15:22:33 IST" duration-ms="12214" status="PASS">
          <reporter-output>
          </reporter-output>
        </test-method> <!-- createProject -->
        <test-method signature="modifyProject()[pri:6, instance:com.assignmenttestng.Assignment7@2fb3536e]" started-at="2022-12-28T15:22:33 IST" name="modifyProject" finished-at="2022-12-28T15:22:41 IST" duration-ms="8540" status="PASS">
          <reporter-output>
          </reporter-output>
        </test-method> <!-- modifyProject -->
        <test-method signature="deleteProject()[pri:7, instance:com.assignmenttestng.Assignment7@2fb3536e]" started-at="2022-12-28T15:22:41 IST" name="deleteProject" finished-at="2022-12-28T15:22:50 IST" duration-ms="8422" status="PASS">
          <reporter-output>
          </reporter-output>
        </test-method> <!-- deleteProject -->
        <test-method signature="deleteCustomer()[pri:8, instance:com.assignmenttestng.Assignment7@2fb3536e]" started-at="2022-12-28T15:22:50 IST" name="deleteCustomer" finished-at="2022-12-28T15:22:58 IST" duration-ms="8433" status="PASS">
          <reporter-output>
          </reporter-output>
        </test-method> <!-- deleteCustomer -->
        <test-method signature="logout()[pri:9, instance:com.assignmenttestng.Assignment7@2fb3536e]" started-at="2022-12-28T15:22:58 IST" name="logout" finished-at="2022-12-28T15:23:00 IST" duration-ms="2299" status="PASS">
          <reporter-output>
          </reporter-output>
        </test-method> <!-- logout -->
        <test-method signature="close()[pri:10, instance:com.assignmenttestng.Assignment7@2fb3536e]" started-at="2022-12-28T15:23:01 IST" name="close" finished-at="2022-12-28T15:23:04 IST" duration-ms="3270" status="PASS">
          <reporter-output>
          </reporter-output>
        </test-method> <!-- close -->
      </class> <!-- com.assignmenttestng.Assignment7 -->
    </test> <!-- test cases -->
  </suite> <!-- Automation -->
</testng-results>
